v1.201/app/build/intermediates/manifest_merge_blame_file/debug/manifest-merger-blame-debug-report.txt
1<?xml version="1.0" encoding="utf-8"?>
2<manifest xmlns:android="http://schemas.android.com/apk/res/android"
3    xmlns:dist="http://schemas.android.com/apk/distribution"
4    package="com.SK.filedownloader"
5    android:versionCode="10200"
6    android:versionName="1.2" >
7
8    <uses-sdk
9        android:minSdkVersion="24"
10        android:targetSdkVersion="34" />
11
12    <dist:module dist:instant="true" />
12-->src\main\AndroidManifest.xml:8:5-40
12-->src\main\AndroidManifest.xml:8:18-37
13
14    <uses-permission android:name="android.permission.INTERNET" />
14-->src\main\AndroidManifest.xml:10:5-67
14-->src\main\AndroidManifest.xml:10:22-64
15    <uses-permission android:name="android.permission.POST_NOTIFICATIONS" />
15-->src\main\AndroidManifest.xml:11:5-77
15-->src\main\AndroidManifest.xml:11:22-74
16    <uses-permission android:name="android.permission.READ_EXTERNAL_STORAGE" />
16-->src\main\AndroidManifest.xml:12:5-80
16-->src\main\AndroidManifest.xml:12:22-77
17    <uses-permission android:name="android.permission.WRITE_EXTERNAL_STORAGE" />
17-->src\main\AndroidManifest.xml:13:5-81
17-->src\main\AndroidManifest.xml:13:22-78
18    <uses-permission android:name="android.permission.ACCESS_MEDIA_LOCATION" />
18-->src\main\AndroidManifest.xml:14:5-80
18-->src\main\AndroidManifest.xml:14:22-77
19    <uses-permission android:name="android.permission.WAKE_LOCK" />
19-->src\main\AndroidManifest.xml:15:5-68
19-->src\main\AndroidManifest.xml:15:22-65
20    <!-- <uses-permission -->
21    <!-- android:name="android.permission.MANAGE_EXTERNAL_STORAGE" -->
22    <!-- tools:ignore="ScopedStorage" /> -->
23
24    <uses-permission android:name="com.google.android.gms.permission.AD_ID" />
24-->src\main\AndroidManifest.xml:20:5-78
24-->src\main\AndroidManifest.xml:20:22-76
25    <uses-permission android:name="android.permission.ACCESS_NETWORK_STATE" />
25-->[com.google.android.gms:play-services-ads-lite:23.0.0] AndroidManifest.xml:25:5-79
25-->[com.google.android.gms:play-services-ads-lite:23.0.0] AndroidManifest.xml:25:22-76
26    <uses-permission android:name="android.permission.ACCESS_ADSERVICES_AD_ID" />
26-->[com.google.android.gms:play-services-ads-lite:23.0.0] AndroidManifest.xml:27:5-82
26-->[com.google.android.gms:play-services-ads-lite:23.0.0] AndroidManifest.xml:27:22-79
27    <uses-permission android:name="android.permission.ACCESS_ADSERVICES_ATTRIBUTION" />
27-->[com.google.android.gms:play-services-ads-lite:23.0.0] AndroidManifest.xml:28:5-88
27-->[com.google.android.gms:play-services-ads-lite:23.0.0] AndroidManifest.xml:28:22-85
28    <uses-permission android:name="android.permission.ACCESS_ADSERVICES_TOPICS" /> <!-- Android package visibility setting -->
28-->[com.google.android.gms:play-services-ads-lite:23.0.0] AndroidManifest.xml:29:5-83
28-->[com.google.android.gms:play-services-ads-lite:23.0.0] AndroidManifest.xml:29:22-80
29    <queries>
29-->[com.google.android.gms:play-services-ads-lite:23.0.0] AndroidManifest.xml:35:5-51:15
30
31        <!-- For browser content -->
32        <intent>
32-->[com.google.android.gms:play-services-ads-lite:23.0.0] AndroidManifest.xml:38:9-44:18
33            <action android:name="android.intent.action.VIEW" />
33-->[com.google.android.gms:play-services-ads-lite:23.0.0] AndroidManifest.xml:39:13-65
33-->[com.google.android.gms:play-services-ads-lite:23.0.0] AndroidManifest.xml:39:21-62
34
35            <category android:name="android.intent.category.BROWSABLE" />
35-->[com.google.android.gms:play-services-ads-lite:23.0.0] AndroidManifest.xml:41:13-74
35-->[com.google.android.gms:play-services-ads-lite:23.0.0] AndroidManifest.xml:41:23-71
36
37            <data android:scheme="https" />
37-->[com.google.android.gms:play-services-ads-lite:23.0.0] AndroidManifest.xml:43:13-44
37-->[com.google.android.gms:play-services-ads-lite:23.0.0] AndroidManifest.xml:43:19-41
38        </intent>
39        <!-- End of browser content -->
40        <!-- For CustomTabsService -->
41        <intent>
41-->[com.google.android.gms:play-services-ads-lite:23.0.0] AndroidManifest.xml:47:9-49:18
42            <action android:name="android.support.customtabs.action.CustomTabsService" />
42-->[com.google.android.gms:play-services-ads-lite:23.0.0] AndroidManifest.xml:48:13-90
42-->[com.google.android.gms:play-services-ads-lite:23.0.0] AndroidManifest.xml:48:21-87
43        </intent>
44        <!-- End of CustomTabsService -->
45    </queries>
46
47    <uses-permission android:name="android.permission.FOREGROUND_SERVICE" />
47-->[androidx.work:work-runtime:2.7.0] AndroidManifest.xml:28:5-77
47-->[androidx.work:work-runtime:2.7.0] AndroidManifest.xml:28:22-74
48
49    <permission
49-->[androidx.core:core:1.9.0] AndroidManifest.xml:22:5-24:47
50        android:name="com.SK.filedownloader.DYNAMIC_RECEIVER_NOT_EXPORTED_PERMISSION"
50-->[androidx.core:core:1.9.0] AndroidManifest.xml:23:9-81
51        android:protectionLevel="signature" />
51-->[androidx.core:core:1.9.0] AndroidManifest.xml:24:9-44
52
53    <uses-permission android:name="com.SK.filedownloader.DYNAMIC_RECEIVER_NOT_EXPORTED_PERMISSION" />
53-->[androidx.core:core:1.9.0] AndroidManifest.xml:26:5-97
53-->[androidx.core:core:1.9.0] AndroidManifest.xml:26:22-94
54
55    <application
55-->src\main\AndroidManifest.xml:23:5-69:19
56        android:allowBackup="true"
56-->src\main\AndroidManifest.xml:24:9-35
57        android:appComponentFactory="androidx.core.app.CoreComponentFactory"
57-->[androidx.core:core:1.9.0] AndroidManifest.xml:28:18-86
58        android:debuggable="true"
59        android:extractNativeLibs="false"
60        android:icon="@drawable/download"
60-->src\main\AndroidManifest.xml:25:9-42
61        android:label="@string/app_name"
61-->src\main\AndroidManifest.xml:26:9-41
62        android:preserveLegacyExternalStorage="true"
62-->src\main\AndroidManifest.xml:28:9-53
63        android:requestLegacyExternalStorage="true"
63-->src\main\AndroidManifest.xml:30:9-52
64        android:requestRawExternalStorageAccess="true"
64-->src\main\AndroidManifest.xml:27:9-55
65        android:roundIcon="@drawable/download"
65-->src\main\AndroidManifest.xml:31:9-47
66        android:supportsRtl="true"
66-->src\main\AndroidManifest.xml:32:9-35
67        android:testOnly="true"
68        android:theme="@style/Theme.Filedownloader"
68-->src\main\AndroidManifest.xml:33:9-52
69        android:usesCleartextTraffic="true" >
69-->src\main\AndroidManifest.xml:29:9-44
70        <meta-data
70-->src\main\AndroidManifest.xml:38:9-40:69
71            android:name="com.google.android.gms.ads.APPLICATION_ID"
71-->src\main\AndroidManifest.xml:39:13-69
72            android:value="ca-app-pub-9259384589324790~5361372739" />
72-->src\main\AndroidManifest.xml:40:13-67
73
74        <uses-library
74-->src\main\AndroidManifest.xml:43:9-45:40
75            android:name="org.apache.http.legacy"
75-->src\main\AndroidManifest.xml:44:13-50
76            android:required="false" />
76-->src\main\AndroidManifest.xml:45:13-37
77
78        <activity
78-->src\main\AndroidManifest.xml:47:9-49:40
79            android:name="com.SK.filedownloader.notification_layout"
79-->src\main\AndroidManifest.xml:48:13-48
80            android:exported="false" />
80-->src\main\AndroidManifest.xml:49:13-37
81        <activity
81-->src\main\AndroidManifest.xml:50:9-52:40
82            android:name="com.SK.filedownloader.downloads_page2"
82-->src\main\AndroidManifest.xml:51:13-44
83            android:exported="false" />
83-->src\main\AndroidManifest.xml:52:13-37
84        <activity
84-->src\main\AndroidManifest.xml:53:9-62:20
85            android:name="com.SK.filedownloader.splash_screen"
85-->src\main\AndroidManifest.xml:54:13-42
86            android:exported="true"
86-->src\main\AndroidManifest.xml:55:13-36
87            android:theme="@style/Theme.AppCompat.DayNight.NoActionBar" >
87-->src\main\AndroidManifest.xml:56:13-72
88            <intent-filter>
88-->src\main\AndroidManifest.xml:57:13-61:29
89                <action android:name="android.intent.action.MAIN" />
89-->src\main\AndroidManifest.xml:58:17-69
89-->src\main\AndroidManifest.xml:58:25-66
90
91                <category android:name="android.intent.category.LAUNCHER" />
91-->src\main\AndroidManifest.xml:60:17-77
91-->src\main\AndroidManifest.xml:60:27-74
92            </intent-filter>
93        </activity>
94        <activity
94-->src\main\AndroidManifest.xml:63:9-65:39
95            android:name="com.SK.filedownloader.MainActivity"
95-->src\main\AndroidManifest.xml:64:13-41
96            android:exported="true" />
96-->src\main\AndroidManifest.xml:65:13-36
97        <activity
97-->src\main\AndroidManifest.xml:66:9-68:40
98            android:name="com.SK.filedownloader.downloadPage"
98-->src\main\AndroidManifest.xml:67:13-41
99            android:exported="false" />
99-->src\main\AndroidManifest.xml:68:13-37
100        <!-- to display showcaseview, this activity and its' style must be added -->
101        <activity
101-->[com.github.erkutaras:ShowcaseView:1.5.0] AndroidManifest.xml:14:9-16:63
102            android:name="com.erkutaras.showcaseview.ShowcaseActivity"
102-->[com.github.erkutaras:ShowcaseView:1.5.0] AndroidManifest.xml:15:13-71
103            android:theme="@style/ShowcaseTransparentTheme" /> <!-- Include the AdActivity and InAppPurchaseActivity configChanges and themes. -->
103-->[com.github.erkutaras:ShowcaseView:1.5.0] AndroidManifest.xml:16:13-60
104        <activity
104-->[com.google.android.gms:play-services-ads-lite:23.0.0] AndroidManifest.xml:56:9-61:43
105            android:name="com.google.android.gms.ads.AdActivity"
105-->[com.google.android.gms:play-services-ads-lite:23.0.0] AndroidManifest.xml:57:13-65
106            android:configChanges="keyboard|keyboardHidden|orientation|screenLayout|uiMode|screenSize|smallestScreenSize"
106-->[com.google.android.gms:play-services-ads-lite:23.0.0] AndroidManifest.xml:58:13-122
107            android:exported="false"
107-->[com.google.android.gms:play-services-ads-lite:23.0.0] AndroidManifest.xml:59:13-37
108            android:theme="@android:style/Theme.Translucent" />
108-->[com.google.android.gms:play-services-ads-lite:23.0.0] AndroidManifest.xml:60:13-61
109
110        <provider
110-->[com.google.android.gms:play-services-ads-lite:23.0.0] AndroidManifest.xml:63:9-68:43
111            android:name="com.google.android.gms.ads.MobileAdsInitProvider"
111-->[com.google.android.gms:play-services-ads-lite:23.0.0] AndroidManifest.xml:64:13-76
112            android:authorities="com.SK.filedownloader.mobileadsinitprovider"
112-->[com.google.android.gms:play-services-ads-lite:23.0.0] AndroidManifest.xml:65:13-73
113            android:exported="false"
113-->[com.google.android.gms:play-services-ads-lite:23.0.0] AndroidManifest.xml:66:13-37
114            android:initOrder="100" />
114-->[com.google.android.gms:play-services-ads-lite:23.0.0] AndroidManifest.xml:67:13-36
115
116        <service
116-->[com.google.android.gms:play-services-ads-lite:23.0.0] AndroidManifest.xml:70:9-74:43
117            android:name="com.google.android.gms.ads.AdService"
117-->[com.google.android.gms:play-services-ads-lite:23.0.0] AndroidManifest.xml:71:13-64
118            android:enabled="true"
118-->[com.google.android.gms:play-services-ads-lite:23.0.0] AndroidManifest.xml:72:13-35
119            android:exported="false" />
119-->[com.google.android.gms:play-services-ads-lite:23.0.0] AndroidManifest.xml:73:13-37
120
121        <activity
121-->[com.google.android.gms:play-services-ads-lite:23.0.0] AndroidManifest.xml:76:9-80:43
122            android:name="com.google.android.gms.ads.OutOfContextTestingActivity"
122-->[com.google.android.gms:play-services-ads-lite:23.0.0] AndroidManifest.xml:77:13-82
123            android:configChanges="keyboard|keyboardHidden|orientation|screenLayout|uiMode|screenSize|smallestScreenSize"
123-->[com.google.android.gms:play-services-ads-lite:23.0.0] AndroidManifest.xml:78:13-122
124            android:exported="false" />
124-->[com.google.android.gms:play-services-ads-lite:23.0.0] AndroidManifest.xml:79:13-37
125        <activity
125-->[com.google.android.gms:play-services-ads-lite:23.0.0] AndroidManifest.xml:81:9-88:43
126            android:name="com.google.android.gms.ads.NotificationHandlerActivity"
126-->[com.google.android.gms:play-services-ads-lite:23.0.0] AndroidManifest.xml:82:13-82
127            android:excludeFromRecents="true"
127-->[com.google.android.gms:play-services-ads-lite:23.0.0] AndroidManifest.xml:83:13-46
128            android:exported="false"
128-->[com.google.android.gms:play-services-ads-lite:23.0.0] AndroidManifest.xml:84:13-37
129            android:launchMode="singleTask"
129-->[com.google.android.gms:play-services-ads-lite:23.0.0] AndroidManifest.xml:85:13-44
130            android:taskAffinity=""
130-->[com.google.android.gms:play-services-ads-lite:23.0.0] AndroidManifest.xml:86:13-36
131            android:theme="@android:style/Theme.Translucent.NoTitleBar" />
131-->[com.google.android.gms:play-services-ads-lite:23.0.0] AndroidManifest.xml:87:13-72
132
133        <property
133-->[com.google.android.gms:play-services-ads-lite:23.0.0] AndroidManifest.xml:90:9-92:62
134            android:name="android.adservices.AD_SERVICES_CONFIG"
134-->[com.google.android.gms:play-services-ads-lite:23.0.0] AndroidManifest.xml:91:13-65
135            android:resource="@xml/gma_ad_services_config" />
135-->[com.google.android.gms:play-services-ads-lite:23.0.0] AndroidManifest.xml:92:13-59
136
137        <activity
137-->[com.google.android.gms:play-services-base:18.0.0] AndroidManifest.xml:20:9-22:45
138            android:name="com.google.android.gms.common.api.GoogleApiActivity"
138-->[com.google.android.gms:play-services-base:18.0.0] AndroidManifest.xml:20:19-85
139            android:exported="false"
139-->[com.google.android.gms:play-services-base:18.0.0] AndroidManifest.xml:22:19-43
140            android:theme="@android:style/Theme.Translucent.NoTitleBar" />
140-->[com.google.android.gms:play-services-base:18.0.0] AndroidManifest.xml:21:19-78
141
142        <meta-data
142-->[com.google.android.gms:play-services-basement:18.2.0] AndroidManifest.xml:21:9-23:69
143            android:name="com.google.android.gms.version"
143-->[com.google.android.gms:play-services-basement:18.2.0] AndroidManifest.xml:22:13-58
144            android:value="@integer/google_play_services_version" />
144-->[com.google.android.gms:play-services-basement:18.2.0] AndroidManifest.xml:23:13-66
145
146        <provider
146-->[androidx.emoji2:emoji2:1.2.0] AndroidManifest.xml:24:9-32:20
147            android:name="androidx.startup.InitializationProvider"
147-->[androidx.emoji2:emoji2:1.2.0] AndroidManifest.xml:25:13-67
148            android:authorities="com.SK.filedownloader.androidx-startup"
148-->[androidx.emoji2:emoji2:1.2.0] AndroidManifest.xml:26:13-68
149            android:exported="false" >
149-->[androidx.emoji2:emoji2:1.2.0] AndroidManifest.xml:27:13-37
150            <meta-data
150-->[androidx.emoji2:emoji2:1.2.0] AndroidManifest.xml:29:13-31:52
151                android:name="androidx.emoji2.text.EmojiCompatInitializer"
151-->[androidx.emoji2:emoji2:1.2.0] AndroidManifest.xml:30:17-75
152                android:value="androidx.startup" />
152-->[androidx.emoji2:emoji2:1.2.0] AndroidManifest.xml:31:17-49
153            <meta-data
153-->[androidx.work:work-runtime:2.7.0] AndroidManifest.xml:36:13-38:52
154                android:name="androidx.work.WorkManagerInitializer"
154-->[androidx.work:work-runtime:2.7.0] AndroidManifest.xml:37:17-68
155                android:value="androidx.startup" />
155-->[androidx.work:work-runtime:2.7.0] AndroidManifest.xml:38:17-49
156            <meta-data
156-->[androidx.lifecycle:lifecycle-process:2.6.1] AndroidManifest.xml:29:13-31:52
157                android:name="androidx.lifecycle.ProcessLifecycleInitializer"
157-->[androidx.lifecycle:lifecycle-process:2.6.1] AndroidManifest.xml:30:17-78
158                android:value="androidx.startup" />
158-->[androidx.lifecycle:lifecycle-process:2.6.1] AndroidManifest.xml:31:17-49
159            <meta-data
159-->[androidx.profileinstaller:profileinstaller:1.3.0] AndroidManifest.xml:29:13-31:52
160                android:name="androidx.profileinstaller.ProfileInstallerInitializer"
160-->[androidx.profileinstaller:profileinstaller:1.3.0] AndroidManifest.xml:30:17-85
161                android:value="androidx.startup" />
161-->[androidx.profileinstaller:profileinstaller:1.3.0] AndroidManifest.xml:31:17-49
162        </provider>
163
164        <service
164-->[androidx.work:work-runtime:2.7.0] AndroidManifest.xml:41:9-46:35
165            android:name="androidx.work.impl.background.systemalarm.SystemAlarmService"
165-->[androidx.work:work-runtime:2.7.0] AndroidManifest.xml:42:13-88
166            android:directBootAware="false"
166-->[androidx.work:work-runtime:2.7.0] AndroidManifest.xml:43:13-44
167            android:enabled="@bool/enable_system_alarm_service_default"
167-->[androidx.work:work-runtime:2.7.0] AndroidManifest.xml:44:13-72
168            android:exported="false" />
168-->[androidx.work:work-runtime:2.7.0] AndroidManifest.xml:45:13-37
169        <service
169-->[androidx.work:work-runtime:2.7.0] AndroidManifest.xml:47:9-53:35
170            android:name="androidx.work.impl.background.systemjob.SystemJobService"
170-->[androidx.work:work-runtime:2.7.0] AndroidManifest.xml:48:13-84
171            android:directBootAware="false"
171-->[androidx.work:work-runtime:2.7.0] AndroidManifest.xml:49:13-44
172            android:enabled="@bool/enable_system_job_service_default"
172-->[androidx.work:work-runtime:2.7.0] AndroidManifest.xml:50:13-70
173            android:exported="true"
173-->[androidx.work:work-runtime:2.7.0] AndroidManifest.xml:51:13-36
174            android:permission="android.permission.BIND_JOB_SERVICE" />
174-->[androidx.work:work-runtime:2.7.0] AndroidManifest.xml:52:13-69
175        <service
175-->[androidx.work:work-runtime:2.7.0] AndroidManifest.xml:54:9-59:35
176            android:name="androidx.work.impl.foreground.SystemForegroundService"
176-->[androidx.work:work-runtime:2.7.0] AndroidManifest.xml:55:13-81
177            android:directBootAware="false"
177-->[androidx.work:work-runtime:2.7.0] AndroidManifest.xml:56:13-44
178            android:enabled="@bool/enable_system_foreground_service_default"
178-->[androidx.work:work-runtime:2.7.0] AndroidManifest.xml:57:13-77
179            android:exported="false" />
179-->[androidx.work:work-runtime:2.7.0] AndroidManifest.xml:58:13-37
180
181        <receiver
181-->[androidx.work:work-runtime:2.7.0] AndroidManifest.xml:61:9-66:35
182            android:name="androidx.work.impl.utils.ForceStopRunnable$BroadcastReceiver"
182-->[androidx.work:work-runtime:2.7.0] AndroidManifest.xml:62:13-88
183            android:directBootAware="false"
183-->[androidx.work:work-runtime:2.7.0] AndroidManifest.xml:63:13-44
184            android:enabled="true"
184-->[androidx.work:work-runtime:2.7.0] AndroidManifest.xml:64:13-35
185            android:exported="false" />
185-->[androidx.work:work-runtime:2.7.0] AndroidManifest.xml:65:13-37
186        <receiver
186-->[androidx.work:work-runtime:2.7.0] AndroidManifest.xml:67:9-77:20
187            android:name="androidx.work.impl.background.systemalarm.ConstraintProxy$BatteryChargingProxy"
187-->[androidx.work:work-runtime:2.7.0] AndroidManifest.xml:68:13-106
188            android:directBootAware="false"
188-->[androidx.work:work-runtime:2.7.0] AndroidManifest.xml:69:13-44
189            android:enabled="false"
189-->[androidx.work:work-runtime:2.7.0] AndroidManifest.xml:70:13-36
190            android:exported="false" >
190-->[androidx.work:work-runtime:2.7.0] AndroidManifest.xml:71:13-37
191            <intent-filter>
191-->[androidx.work:work-runtime:2.7.0] AndroidManifest.xml:73:13-76:29
192                <action android:name="android.intent.action.ACTION_POWER_CONNECTED" />
192-->[androidx.work:work-runtime:2.7.0] AndroidManifest.xml:74:17-87
192-->[androidx.work:work-runtime:2.7.0] AndroidManifest.xml:74:25-84
193                <action android:name="android.intent.action.ACTION_POWER_DISCONNECTED" />
193-->[androidx.work:work-runtime:2.7.0] AndroidManifest.xml:75:17-90
193-->[androidx.work:work-runtime:2.7.0] AndroidManifest.xml:75:25-87
194            </intent-filter>
195        </receiver>
196        <receiver
196-->[androidx.work:work-runtime:2.7.0] AndroidManifest.xml:78:9-88:20
197            android:name="androidx.work.impl.background.systemalarm.ConstraintProxy$BatteryNotLowProxy"
197-->[androidx.work:work-runtime:2.7.0] AndroidManifest.xml:79:13-104
198            android:directBootAware="false"
198-->[androidx.work:work-runtime:2.7.0] AndroidManifest.xml:80:13-44
199            android:enabled="false"
199-->[androidx.work:work-runtime:2.7.0] AndroidManifest.xml:81:13-36
200            android:exported="false" >
200-->[androidx.work:work-runtime:2.7.0] AndroidManifest.xml:82:13-37
201            <intent-filter>
201-->[androidx.work:work-runtime:2.7.0] AndroidManifest.xml:84:13-87:29
202                <action android:name="android.intent.action.BATTERY_OKAY" />
202-->[androidx.work:work-runtime:2.7.0] AndroidManifest.xml:85:17-77
202-->[androidx.work:work-runtime:2.7.0] AndroidManifest.xml:85:25-74
203                <action android:name="android.intent.action.BATTERY_LOW" />
203-->[androidx.work:work-runtime:2.7.0] AndroidManifest.xml:86:17-76
203-->[androidx.work:work-runtime:2.7.0] AndroidManifest.xml:86:25-73
204            </intent-filter>
205        </receiver>
206        <receiver
206-->[androidx.work:work-runtime:2.7.0] AndroidManifest.xml:89:9-99:20
207            android:name="androidx.work.impl.background.systemalarm.ConstraintProxy$StorageNotLowProxy"
207-->[androidx.work:work-runtime:2.7.0] AndroidManifest.xml:90:13-104
208            android:directBootAware="false"
208-->[androidx.work:work-runtime:2.7.0] AndroidManifest.xml:91:13-44
209            android:enabled="false"
209-->[androidx.work:work-runtime:2.7.0] AndroidManifest.xml:92:13-36
210            android:exported="false" >
210-->[androidx.work:work-runtime:2.7.0] AndroidManifest.xml:93:13-37
211            <intent-filter>
211-->[androidx.work:work-runtime:2.7.0] AndroidManifest.xml:95:13-98:29
212                <action android:name="android.intent.action.DEVICE_STORAGE_LOW" />
212-->[androidx.work:work-runtime:2.7.0] AndroidManifest.xml:96:17-83
212-->[androidx.work:work-runtime:2.7.0] AndroidManifest.xml:96:25-80
213                <action android:name="android.intent.action.DEVICE_STORAGE_OK" />
213-->[androidx.work:work-runtime:2.7.0] AndroidManifest.xml:97:17-82
213-->[androidx.work:work-runtime:2.7.0] AndroidManifest.xml:97:25-79
214            </intent-filter>
215        </receiver>
216        <receiver
216-->[androidx.work:work-runtime:2.7.0] AndroidManifest.xml:100:9-109:20
217            android:name="androidx.work.impl.background.systemalarm.ConstraintProxy$NetworkStateProxy"
217-->[androidx.work:work-runtime:2.7.0] AndroidManifest.xml:101:13-103
218            android:directBootAware="false"
218-->[androidx.work:work-runtime:2.7.0] AndroidManifest.xml:102:13-44
219            android:enabled="false"
219-->[androidx.work:work-runtime:2.7.0] AndroidManifest.xml:103:13-36
220            android:exported="false" >
220-->[androidx.work:work-runtime:2.7.0] AndroidManifest.xml:104:13-37
221            <intent-filter>
221-->[androidx.work:work-runtime:2.7.0] AndroidManifest.xml:106:13-108:29
222                <action android:name="android.net.conn.CONNECTIVITY_CHANGE" />
222-->[androidx.work:work-runtime:2.7.0] AndroidManifest.xml:107:17-79
222-->[androidx.work:work-runtime:2.7.0] AndroidManifest.xml:107:25-76
223            </intent-filter>
224        </receiver>
225        <receiver
225-->[androidx.work:work-runtime:2.7.0] AndroidManifest.xml:110:9-121:20
226            android:name="androidx.work.impl.background.systemalarm.RescheduleReceiver"
226-->[androidx.work:work-runtime:2.7.0] AndroidManifest.xml:111:13-88
227            android:directBootAware="false"
227-->[androidx.work:work-runtime:2.7.0] AndroidManifest.xml:112:13-44
228            android:enabled="false"
228-->[androidx.work:work-runtime:2.7.0] AndroidManifest.xml:113:13-36
229            android:exported="false" >
229-->[androidx.work:work-runtime:2.7.0] AndroidManifest.xml:114:13-37
230            <intent-filter>
230-->[androidx.work:work-runtime:2.7.0] AndroidManifest.xml:116:13-120:29
231                <action android:name="android.intent.action.BOOT_COMPLETED" />
231-->[androidx.work:work-runtime:2.7.0] AndroidManifest.xml:117:17-79
231-->[androidx.work:work-runtime:2.7.0] AndroidManifest.xml:117:25-76
232                <action android:name="android.intent.action.TIME_SET" />
232-->[androidx.work:work-runtime:2.7.0] AndroidManifest.xml:118:17-73
232-->[androidx.work:work-runtime:2.7.0] AndroidManifest.xml:118:25-70
233                <action android:name="android.intent.action.TIMEZONE_CHANGED" />
233-->[androidx.work:work-runtime:2.7.0] AndroidManifest.xml:119:17-81
233-->[androidx.work:work-runtime:2.7.0] AndroidManifest.xml:119:25-78
234            </intent-filter>
235        </receiver>
236        <receiver
236-->[androidx.work:work-runtime:2.7.0] AndroidManifest.xml:122:9-131:20
237            android:name="androidx.work.impl.background.systemalarm.ConstraintProxyUpdateReceiver"
237-->[androidx.work:work-runtime:2.7.0] AndroidManifest.xml:123:13-99
238            android:directBootAware="false"
238-->[androidx.work:work-runtime:2.7.0] AndroidManifest.xml:124:13-44
239            android:enabled="@bool/enable_system_alarm_service_default"
239-->[androidx.work:work-runtime:2.7.0] AndroidManifest.xml:125:13-72
240            android:exported="false" >
240-->[androidx.work:work-runtime:2.7.0] AndroidManifest.xml:126:13-37
241            <intent-filter>
241-->[androidx.work:work-runtime:2.7.0] AndroidManifest.xml:128:13-130:29
242                <action android:name="androidx.work.impl.background.systemalarm.UpdateProxies" />
242-->[androidx.work:work-runtime:2.7.0] AndroidManifest.xml:129:17-98
242-->[androidx.work:work-runtime:2.7.0] AndroidManifest.xml:129:25-95
243            </intent-filter>
244        </receiver>
245        <receiver
245-->[androidx.work:work-runtime:2.7.0] AndroidManifest.xml:132:9-142:20
246            android:name="androidx.work.impl.diagnostics.DiagnosticsReceiver"
246-->[androidx.work:work-runtime:2.7.0] AndroidManifest.xml:133:13-78
247            android:directBootAware="false"
247-->[androidx.work:work-runtime:2.7.0] AndroidManifest.xml:134:13-44
248            android:enabled="true"
248-->[androidx.work:work-runtime:2.7.0] AndroidManifest.xml:135:13-35
249            android:exported="true"
249-->[androidx.work:work-runtime:2.7.0] AndroidManifest.xml:136:13-36
250            android:permission="android.permission.DUMP" >
250-->[androidx.work:work-runtime:2.7.0] AndroidManifest.xml:137:13-57
251            <intent-filter>
251-->[androidx.work:work-runtime:2.7.0] AndroidManifest.xml:139:13-141:29
252                <action android:name="androidx.work.diagnostics.REQUEST_DIAGNOSTICS" />
252-->[androidx.work:work-runtime:2.7.0] AndroidManifest.xml:140:17-88
252-->[androidx.work:work-runtime:2.7.0] AndroidManifest.xml:140:25-85
253            </intent-filter>
254        </receiver>
255
256        <uses-library
256-->[androidx.privacysandbox.ads:ads-adservices:1.0.0-beta05] AndroidManifest.xml:23:9-25:40
257            android:name="android.ext.adservices"
257-->[androidx.privacysandbox.ads:ads-adservices:1.0.0-beta05] AndroidManifest.xml:24:13-50
258            android:required="false" />
258-->[androidx.privacysandbox.ads:ads-adservices:1.0.0-beta05] AndroidManifest.xml:25:13-37
259
260        <receiver
260-->[androidx.profileinstaller:profileinstaller:1.3.0] AndroidManifest.xml:34:9-52:20
261            android:name="androidx.profileinstaller.ProfileInstallReceiver"
261-->[androidx.profileinstaller:profileinstaller:1.3.0] AndroidManifest.xml:35:13-76
262            android:directBootAware="false"
262-->[androidx.profileinstaller:profileinstaller:1.3.0] AndroidManifest.xml:36:13-44
263            android:enabled="true"
263-->[androidx.profileinstaller:profileinstaller:1.3.0] AndroidManifest.xml:37:13-35
264            android:exported="true"
264-->[androidx.profileinstaller:profileinstaller:1.3.0] AndroidManifest.xml:38:13-36
265            android:permission="android.permission.DUMP" >
265-->[androidx.profileinstaller:profileinstaller:1.3.0] AndroidManifest.xml:39:13-57
266            <intent-filter>
266-->[androidx.profileinstaller:profileinstaller:1.3.0] AndroidManifest.xml:40:13-42:29
267                <action android:name="androidx.profileinstaller.action.INSTALL_PROFILE" />
267-->[androidx.profileinstaller:profileinstaller:1.3.0] AndroidManifest.xml:41:17-91
267-->[androidx.profileinstaller:profileinstaller:1.3.0] AndroidManifest.xml:41:25-88
268            </intent-filter>
269            <intent-filter>
269-->[androidx.profileinstaller:profileinstaller:1.3.0] AndroidManifest.xml:43:13-45:29
270                <action android:name="androidx.profileinstaller.action.SKIP_FILE" />
270-->[androidx.profileinstaller:profileinstaller:1.3.0] AndroidManifest.xml:44:17-85
270-->[androidx.profileinstaller:profileinstaller:1.3.0] AndroidManifest.xml:44:25-82
271            </intent-filter>
272            <intent-filter>
272-->[androidx.profileinstaller:profileinstaller:1.3.0] AndroidManifest.xml:46:13-48:29
273                <action android:name="androidx.profileinstaller.action.SAVE_PROFILE" />
273-->[androidx.profileinstaller:profileinstaller:1.3.0] AndroidManifest.xml:47:17-88
273-->[androidx.profileinstaller:profileinstaller:1.3.0] AndroidManifest.xml:47:25-85
274            </intent-filter>
275            <intent-filter>